<?xml version="1.0" encoding="UTF-8"?>
<!-- Generated by org.testng.reporters.JUnitXMLReporter -->
<testsuite ignored="0" hostname="WBLT5CG50642RX" failures="1" tests="1" name="SwaggerUITest" time="20.095" errors="0" timestamp="2021-09-24T12:13:30 CDT">
  <testcase classname="WebTest.SwaggerUITest" name="testUIBehaviorForEachRestMethodSection" time="1.185">
    <failure type="java.lang.AssertionError" message="expected [true] but found [false]">
      <![CDATA[java.lang.AssertionError: expected [true] but found [false]
at WebTest.SwaggerUITest.testUIBehaviorForEachRestMethodSection(SwaggerUITest.java:91)
at java.base/java.util.ArrayList.forEach(ArrayList.java:1511)
... Removed 33 stack frames]]>
    </failure>
  </testcase> <!-- testUIBehaviorForEachRestMethodSection -->
</testsuite> <!-- SwaggerUITest -->
