<?xml version="1.0" encoding="UTF-8"?>
<testng-results ignored="0" total="1" passed="0" failed="1" skipped="0">
  <reporter-output>
  </reporter-output>
  <suite started-at="2021-09-24T12:13:10 CDT" name="petAssessmentTests" finished-at="2021-09-24T12:13:30 CDT" duration-ms="20095">
    <groups>
    </groups>
    <test started-at="2021-09-24T12:13:10 CDT" name="SwaggerUITest" finished-at="2021-09-24T12:13:30 CDT" duration-ms="20095">
      <class name="WebTest.SwaggerUITest">
        <test-method is-config="true" signature="browserSetup()[pri:0, instance:WebTest.SwaggerUITest@3911c2a7]" started-at="2021-09-24T12:13:10 CDT" name="browserSetup" finished-at="2021-09-24T12:13:25 CDT" duration-ms="15446" status="PASS">
          <reporter-output>
          </reporter-output>
        </test-method> <!-- browserSetup -->
        <test-method signature="testUIBehaviorForEachRestMethodSection()[pri:0, instance:WebTest.SwaggerUITest@3911c2a7]" started-at="2021-09-24T12:13:25 CDT" name="testUIBehaviorForEachRestMethodSection" finished-at="2021-09-24T12:13:26 CDT" duration-ms="1185" status="FAIL">
          <exception class="java.lang.AssertionError">
            <message>
              <![CDATA[expected [true] but found [false]]]>
            </message>
            <full-stacktrace>
              <![CDATA[java.lang.AssertionError: expected [true] but found [false]
at org.testng.Assert.fail(Assert.java:99)
at org.testng.Assert.failNotEquals(Assert.java:1037)
at org.testng.Assert.assertEqualsImpl(Assert.java:140)
at org.testng.Assert.assertEquals(Assert.java:122)
at org.testng.Assert.assertEquals(Assert.java:819)
at org.testng.Assert.assertEquals(Assert.java:829)
at WebTest.SwaggerUITest.testUIBehaviorForEachRestMethodSection(SwaggerUITest.java:91)
at java.base/jdk.internal.reflect.NativeMethodAccessorImpl.invoke0(Native Method)
at java.base/jdk.internal.reflect.NativeMethodAccessorImpl.invoke(NativeMethodAccessorImpl.java:78)
at java.base/jdk.internal.reflect.DelegatingMethodAccessorImpl.invoke(DelegatingMethodAccessorImpl.java:43)
at java.base/java.lang.reflect.Method.invoke(Method.java:567)
at org.testng.internal.MethodInvocationHelper.invokeMethod(MethodInvocationHelper.java:133)
at org.testng.internal.TestInvoker.invokeMethod(TestInvoker.java:598)
at org.testng.internal.TestInvoker.invokeTestMethod(TestInvoker.java:173)
at org.testng.internal.MethodRunner.runInSequence(MethodRunner.java:46)
at org.testng.internal.TestInvoker$MethodInvocationAgent.invoke(TestInvoker.java:824)
at org.testng.internal.TestInvoker.invokeTestMethods(TestInvoker.java:146)
at org.testng.internal.TestMethodWorker.invokeTestMethods(TestMethodWorker.java:146)
at org.testng.internal.TestMethodWorker.run(TestMethodWorker.java:128)
at java.base/java.util.ArrayList.forEach(ArrayList.java:1511)
at org.testng.TestRunner.privateRun(TestRunner.java:794)
at org.testng.TestRunner.run(TestRunner.java:596)
at org.testng.SuiteRunner.runTest(SuiteRunner.java:377)
at org.testng.SuiteRunner.runSequentially(SuiteRunner.java:371)
at org.testng.SuiteRunner.privateRun(SuiteRunner.java:332)
at org.testng.SuiteRunner.run(SuiteRunner.java:276)
at org.testng.SuiteRunnerWorker.runSuite(SuiteRunnerWorker.java:53)
at org.testng.SuiteRunnerWorker.run(SuiteRunnerWorker.java:96)
at org.testng.TestNG.runSuitesSequentially(TestNG.java:1212)
at org.testng.TestNG.runSuitesLocally(TestNG.java:1134)
at org.testng.TestNG.runSuites(TestNG.java:1063)
at org.testng.TestNG.run(TestNG.java:1031)
at org.testng.remote.AbstractRemoteTestNG.run(AbstractRemoteTestNG.java:115)
at org.testng.remote.RemoteTestNG.initAndRun(RemoteTestNG.java:251)
at org.testng.remote.RemoteTestNG.main(RemoteTestNG.java:77)
]]>
            </full-stacktrace>
          </exception> <!-- java.lang.AssertionError -->
          <reporter-output>
          </reporter-output>
        </test-method> <!-- testUIBehaviorForEachRestMethodSection -->
        <test-method is-config="true" signature="tearDown(org.testng.ITestResult)[pri:0, instance:WebTest.SwaggerUITest@3911c2a7]" started-at="2021-09-24T12:13:27 CDT" name="tearDown" finished-at="2021-09-24T12:13:30 CDT" duration-ms="3002" status="PASS">
          <params>
            <param index="0">
              <value>
                <![CDATA[[TestResult name=testUIBehaviorForEachRestMethodSection status=FAILURE method=SwaggerUITest.testUIBehaviorForEachRestMethodSection()[pri:0, instance:WebTest.SwaggerUITest@3911c2a7] output={null}]]]>
              </value>
            </param>
          </params>
          <reporter-output>
          </reporter-output>
        </test-method> <!-- tearDown -->
      </class> <!-- WebTest.SwaggerUITest -->
    </test> <!-- SwaggerUITest -->
  </suite> <!-- petAssessmentTests -->
</testng-results>
